Build started 17.01.2013 22:42:09.
     1>Project "C:\temp\SoundVisualizer\SoundVisualizer\SoundVisualizer.vcxproj" on node 2 (build target(s)).
     1>InitializeBuildStatus:
         Creating "Debug\SoundVisualizer.unsuccessfulbuild" because "AlwaysCreate" was specified.
       ClCompile:
         c:\Program Files (x86)\Microsoft Visual Studio 10.0\VC\bin\CL.exe /c /I..\Include /ZI /nologo /W3 /WX- /Od /Oy- /D WIN32 /D _DEBUG /D _CONSOLE /D _MBCS /D _MBCS /Gm /EHsc /RTC1 /MDd /GS /fp:precise /Zc:wchar_t /Zc:forScope /Fo"Debug\\" /Fd"Debug\vc100.pdb" /Gd /TP /analyze- /errorReport:prompt Rendering.cpp
         Rendering.cpp
     1>c:\temp\soundvisualizer\include\vec3.h(40): warning C4996: 'fscanf': This function or variable may be unsafe. Consider using fscanf_s instead. To disable deprecation, use _CRT_SECURE_NO_WARNINGS. See online help for details.
                 c:\program files (x86)\microsoft visual studio 10.0\vc\include\stdio.h(253) : see declaration of 'fscanf'
     1>c:\temp\soundvisualizer\include\vec3.h(181): warning C4996: 'fscanf': This function or variable may be unsafe. Consider using fscanf_s instead. To disable deprecation, use _CRT_SECURE_NO_WARNINGS. See online help for details.
                 c:\program files (x86)\microsoft visual studio 10.0\vc\include\stdio.h(253) : see declaration of 'fscanf'
     1>c:\program files (x86)\microsoft sdks\windows\v7.0a\include\windef.h(126): warning C4005: 'APIENTRY' : macro redefinition
                 c:\temp\soundvisualizer\include\gl_add\glfw.h(74) : see previous definition of 'APIENTRY'
     1>c:\program files (x86)\microsoft sdks\windows\v7.0a\include\wingdi.h(30): warning C4005: 'WINGDIAPI' : macro redefinition
                 c:\temp\soundvisualizer\include\gl_add\glfw.h(91) : see previous definition of 'WINGDIAPI'
       ManifestResourceCompile:
         All outputs are up-to-date.
       Link:
         c:\Program Files (x86)\Microsoft Visual Studio 10.0\VC\bin\link.exe /ERRORREPORT:PROMPT /OUT:"C:\temp\SoundVisualizer\Debug\SoundVisualizer.exe" /INCREMENTAL /NOLOGO /LIBPATH:..\Libraries kernel32.lib user32.lib gdi32.lib winspool.lib comdlg32.lib advapi32.lib shell32.lib ole32.lib oleaut32.lib uuid.lib odbc32.lib odbccp32.lib GLFW.lib glut32.lib cg.lib cgGL.lib DevIL.lib ILU.lib ILUT.lib fmodex_vc.lib kernel32.lib user32.lib gdi32.lib winspool.lib comdlg32.lib advapi32.lib shell32.lib ole32.lib oleaut32.lib uuid.lib odbc32.lib odbccp32.lib /MANIFEST /ManifestFile:"Debug\SoundVisualizer.exe.intermediate.manifest" /MANIFESTUAC:"level='asInvoker' uiAccess='false'" /DEBUG /PDB:"C:\temp\SoundVisualizer\Debug\SoundVisualizer.pdb" /TLBID:1 /DYNAMICBASE /NXCOMPAT /IMPLIB:"C:\temp\SoundVisualizer\Debug\SoundVisualizer.lib" /MACHINE:X86 Debug\SoundVisualizer.exe.embed.manifest.res
         Debug\Audio.obj
         Debug\Producing.obj
         Debug\Rendering.obj
         Debug\Texturing.obj
       Manifest:
         c:\Program Files (x86)\Microsoft SDKs\Windows\v7.0A\bin\mt.exe /nologo /verbose /out:"Debug\SoundVisualizer.exe.embed.manifest" /manifest Debug\SoundVisualizer.exe.intermediate.manifest
         All outputs are up-to-date.
       LinkEmbedManifest:
         All outputs are up-to-date.
         SoundVisualizer.vcxproj -> C:\temp\SoundVisualizer\Debug\SoundVisualizer.exe
       FinalizeBuildStatus:
         Deleting file "Debug\SoundVisualizer.unsuccessfulbuild".
         Touching "Debug\SoundVisualizer.lastbuildstate".
     1>Done Building Project "C:\temp\SoundVisualizer\SoundVisualizer\SoundVisualizer.vcxproj" (build target(s)).

Build succeeded.

Time Elapsed 00:00:03.19
